{"/Users/ulialeonova/frontend-project-46/src/compareObj.js": {"path":"/Users/ulialeonova/frontend-project-46/src/compareObj.js","statementMap":{"0":{"start":{"line":6,"column":20},"end":{"line":20,"column":1}},"1":{"start":{"line":7,"column":19},"end":{"line":7,"column":32}},"2":{"start":{"line":8,"column":4},"end":{"line":10,"column":5}},"3":{"start":{"line":9,"column":8},"end":{"line":9,"column":36}},"4":{"start":{"line":11,"column":4},"end":{"line":14,"column":5}},"5":{"start":{"line":12,"column":8},"end":{"line":12,"column":25}},"6":{"start":{"line":13,"column":8},"end":{"line":13,"column":36}},"7":{"start":{"line":15,"column":4},"end":{"line":17,"column":5}},"8":{"start":{"line":16,"column":8},"end":{"line":16,"column":32}},"9":{"start":{"line":18,"column":4},"end":{"line":18,"column":21}},"10":{"start":{"line":19,"column":4},"end":{"line":19,"column":53}},"11":{"start":{"line":22,"column":16},"end":{"line":44,"column":1}},"12":{"start":{"line":23,"column":17},"end":{"line":23,"column":34}},"13":{"start":{"line":24,"column":17},"end":{"line":24,"column":34}},"14":{"start":{"line":25,"column":15},"end":{"line":25,"column":24}},"15":{"start":{"line":27,"column":4},"end":{"line":34,"column":5}},"16":{"start":{"line":28,"column":21},"end":{"line":28,"column":67}},"17":{"start":{"line":29,"column":8},"end":{"line":32,"column":9}},"18":{"start":{"line":30,"column":33},"end":{"line":30,"column":37}},"19":{"start":{"line":31,"column":12},"end":{"line":31,"column":37}},"20":{"start":{"line":33,"column":8},"end":{"line":33,"column":26}},"21":{"start":{"line":35,"column":4},"end":{"line":35,"column":74}},"22":{"start":{"line":35,"column":39},"end":{"line":35,"column":72}},"23":{"start":{"line":38,"column":21},"end":{"line":41,"column":7}},"24":{"start":{"line":39,"column":8},"end":{"line":39,"column":57}},"25":{"start":{"line":39,"column":47},"end":{"line":39,"column":55}},"26":{"start":{"line":40,"column":8},"end":{"line":40,"column":42}},"27":{"start":{"line":42,"column":4},"end":{"line":42,"column":64}},"28":{"start":{"line":43,"column":4},"end":{"line":43,"column":38}}},"fnMap":{"0":{"name":"(anonymous_0)","decl":{"start":{"line":6,"column":20},"end":{"line":6,"column":21}},"loc":{"start":{"line":6,"column":49},"end":{"line":20,"column":1}},"line":6},"1":{"name":"(anonymous_1)","decl":{"start":{"line":22,"column":16},"end":{"line":22,"column":17}},"loc":{"start":{"line":22,"column":50},"end":{"line":44,"column":1}},"line":22},"2":{"name":"(anonymous_2)","decl":{"start":{"line":38,"column":54},"end":{"line":38,"column":55}},"loc":{"start":{"line":38,"column":64},"end":{"line":41,"column":5}},"line":38}},"branchMap":{"0":{"loc":{"start":{"line":8,"column":4},"end":{"line":10,"column":5}},"type":"if","locations":[{"start":{"line":8,"column":4},"end":{"line":10,"column":5}},{"start":{},"end":{}}],"line":8},"1":{"loc":{"start":{"line":11,"column":4},"end":{"line":14,"column":5}},"type":"if","locations":[{"start":{"line":11,"column":4},"end":{"line":14,"column":5}},{"start":{},"end":{}}],"line":11},"2":{"loc":{"start":{"line":15,"column":4},"end":{"line":17,"column":5}},"type":"if","locations":[{"start":{"line":15,"column":4},"end":{"line":17,"column":5}},{"start":{},"end":{}}],"line":15},"3":{"loc":{"start":{"line":15,"column":8},"end":{"line":15,"column":68}},"type":"binary-expr","locations":[{"start":{"line":15,"column":9},"end":{"line":15,"column":35}},{"start":{"line":15,"column":41},"end":{"line":15,"column":67}}],"line":15},"4":{"loc":{"start":{"line":29,"column":8},"end":{"line":32,"column":9}},"type":"if","locations":[{"start":{"line":29,"column":8},"end":{"line":32,"column":9}},{"start":{},"end":{}}],"line":29},"5":{"loc":{"start":{"line":39,"column":8},"end":{"line":39,"column":57}},"type":"if","locations":[{"start":{"line":39,"column":8},"end":{"line":39,"column":57}},{"start":{},"end":{}}],"line":39},"6":{"loc":{"start":{"line":40,"column":15},"end":{"line":40,"column":41}},"type":"cond-expr","locations":[{"start":{"line":40,"column":35},"end":{"line":40,"column":36}},{"start":{"line":40,"column":39},"end":{"line":40,"column":41}}],"line":40}},"s":{"0":1,"1":8,"2":8,"3":4,"4":4,"5":2,"6":2,"7":2,"8":0,"9":2,"10":2,"11":1,"12":2,"13":2,"14":2,"15":2,"16":8,"17":8,"18":2,"19":2,"20":8,"21":2,"22":2,"23":2,"24":20,"25":2,"26":18,"27":2,"28":2},"f":{"0":8,"1":2,"2":20},"b":{"0":[4,4],"1":[2,2],"2":[0,2],"3":[2,0],"4":[2,6],"5":[2,18],"6":[8,10]},"_coverageSchema":"1a1c01bbd47fc00a2c39e90264f33305004495a9","hash":"cf943b0d7ea47df15a70fec4e3a0c520a41aeab0"}
,"/Users/ulialeonova/frontend-project-46/src/output.js": {"path":"/Users/ulialeonova/frontend-project-46/src/output.js","statementMap":{"0":{"start":{"line":1,"column":19},"end":{"line":7,"column":1}},"1":{"start":{"line":3,"column":20},"end":{"line":3,"column":44}},"2":{"start":{"line":4,"column":4},"end":{"line":4,"column":84}},"3":{"start":{"line":6,"column":4},"end":{"line":6,"column":21}},"4":{"start":{"line":9,"column":20},"end":{"line":11,"column":1}},"5":{"start":{"line":13,"column":15},"end":{"line":13,"column":49}},"6":{"start":{"line":13,"column":33},"end":{"line":13,"column":49}}},"fnMap":{"0":{"name":"(anonymous_0)","decl":{"start":{"line":1,"column":19},"end":{"line":1,"column":20}},"loc":{"start":{"line":1,"column":29},"end":{"line":7,"column":1}},"line":1},"1":{"name":"(anonymous_1)","decl":{"start":{"line":9,"column":20},"end":{"line":9,"column":21}},"loc":{"start":{"line":9,"column":30},"end":{"line":11,"column":1}},"line":9},"2":{"name":"(anonymous_2)","decl":{"start":{"line":13,"column":15},"end":{"line":13,"column":16}},"loc":{"start":{"line":13,"column":33},"end":{"line":13,"column":49}},"line":13}},"branchMap":{},"s":{"0":1,"1":5,"2":5,"3":5,"4":1,"5":1,"6":2},"f":{"0":5,"1":0,"2":2},"b":{},"_coverageSchema":"1a1c01bbd47fc00a2c39e90264f33305004495a9","hash":"c914e7de81ec06159742c7fc370b9219a7c87bd2"}
,"/Users/ulialeonova/frontend-project-46/src/parsers.js": {"path":"/Users/ulialeonova/frontend-project-46/src/parsers.js","statementMap":{"0":{"start":{"line":7,"column":4},"end":{"line":7,"column":81}},"1":{"start":{"line":7,"column":38},"end":{"line":7,"column":81}},"2":{"start":{"line":9,"column":21},"end":{"line":9,"column":43}},"3":{"start":{"line":10,"column":4},"end":{"line":24,"column":5}},"4":{"start":{"line":11,"column":8},"end":{"line":16,"column":9}},"5":{"start":{"line":12,"column":25},"end":{"line":12,"column":69}},"6":{"start":{"line":13,"column":12},"end":{"line":13,"column":51}},"7":{"start":{"line":15,"column":12},"end":{"line":15,"column":31}},"8":{"start":{"line":18,"column":8},"end":{"line":23,"column":9}},"9":{"start":{"line":19,"column":25},"end":{"line":19,"column":70}},"10":{"start":{"line":20,"column":12},"end":{"line":20,"column":51}},"11":{"start":{"line":22,"column":12},"end":{"line":22,"column":31}}},"fnMap":{"0":{"name":"(anonymous_0)","decl":{"start":{"line":6,"column":15},"end":{"line":6,"column":16}},"loc":{"start":{"line":6,"column":29},"end":{"line":25,"column":1}},"line":6}},"branchMap":{"0":{"loc":{"start":{"line":7,"column":4},"end":{"line":7,"column":81}},"type":"if","locations":[{"start":{"line":7,"column":4},"end":{"line":7,"column":81}},{"start":{},"end":{}}],"line":7},"1":{"loc":{"start":{"line":10,"column":4},"end":{"line":24,"column":5}},"type":"if","locations":[{"start":{"line":10,"column":4},"end":{"line":24,"column":5}},{"start":{"line":17,"column":11},"end":{"line":24,"column":5}}],"line":10}},"s":{"0":7,"1":0,"2":7,"3":7,"4":2,"5":2,"6":2,"7":0,"8":5,"9":5,"10":5,"11":0},"f":{"0":7},"b":{"0":[0,7],"1":[2,5]},"_coverageSchema":"1a1c01bbd47fc00a2c39e90264f33305004495a9","hash":"e81f38d2712c8db62cea845b025d491e94cba291"}
}
