{"/Users/ulialeonova/frontend-project-46/src/compareObj.js": {"path":"/Users/ulialeonova/frontend-project-46/src/compareObj.js","statementMap":{"0":{"start":{"line":5,"column":15},"end":{"line":16,"column":1}},"1":{"start":{"line":6,"column":4},"end":{"line":6,"column":81}},"2":{"start":{"line":6,"column":38},"end":{"line":6,"column":81}},"3":{"start":{"line":8,"column":21},"end":{"line":8,"column":43}},"4":{"start":{"line":9,"column":4},"end":{"line":15,"column":5}},"5":{"start":{"line":10,"column":21},"end":{"line":10,"column":66}},"6":{"start":{"line":11,"column":8},"end":{"line":11,"column":47}},"7":{"start":{"line":14,"column":8},"end":{"line":14,"column":27}},"8":{"start":{"line":18,"column":20},"end":{"line":32,"column":1}},"9":{"start":{"line":19,"column":19},"end":{"line":19,"column":32}},"10":{"start":{"line":20,"column":4},"end":{"line":22,"column":5}},"11":{"start":{"line":21,"column":8},"end":{"line":21,"column":36}},"12":{"start":{"line":23,"column":4},"end":{"line":26,"column":5}},"13":{"start":{"line":24,"column":8},"end":{"line":24,"column":25}},"14":{"start":{"line":25,"column":8},"end":{"line":25,"column":36}},"15":{"start":{"line":27,"column":4},"end":{"line":29,"column":5}},"16":{"start":{"line":28,"column":8},"end":{"line":28,"column":32}},"17":{"start":{"line":30,"column":4},"end":{"line":30,"column":21}},"18":{"start":{"line":31,"column":4},"end":{"line":31,"column":53}},"19":{"start":{"line":34,"column":16},"end":{"line":53,"column":1}},"20":{"start":{"line":35,"column":17},"end":{"line":35,"column":34}},"21":{"start":{"line":36,"column":17},"end":{"line":36,"column":34}},"22":{"start":{"line":37,"column":15},"end":{"line":37,"column":24}},"23":{"start":{"line":38,"column":4},"end":{"line":45,"column":5}},"24":{"start":{"line":39,"column":21},"end":{"line":39,"column":67}},"25":{"start":{"line":40,"column":8},"end":{"line":43,"column":9}},"26":{"start":{"line":41,"column":33},"end":{"line":41,"column":37}},"27":{"start":{"line":42,"column":12},"end":{"line":42,"column":37}},"28":{"start":{"line":44,"column":8},"end":{"line":44,"column":26}},"29":{"start":{"line":46,"column":4},"end":{"line":46,"column":74}},"30":{"start":{"line":46,"column":39},"end":{"line":46,"column":72}},"31":{"start":{"line":48,"column":21},"end":{"line":51,"column":7}},"32":{"start":{"line":49,"column":8},"end":{"line":49,"column":57}},"33":{"start":{"line":49,"column":47},"end":{"line":49,"column":55}},"34":{"start":{"line":50,"column":8},"end":{"line":50,"column":41}},"35":{"start":{"line":52,"column":4},"end":{"line":52,"column":36}}},"fnMap":{"0":{"name":"(anonymous_0)","decl":{"start":{"line":5,"column":15},"end":{"line":5,"column":16}},"loc":{"start":{"line":5,"column":29},"end":{"line":16,"column":1}},"line":5},"1":{"name":"(anonymous_1)","decl":{"start":{"line":18,"column":20},"end":{"line":18,"column":21}},"loc":{"start":{"line":18,"column":49},"end":{"line":32,"column":1}},"line":18},"2":{"name":"(anonymous_2)","decl":{"start":{"line":34,"column":16},"end":{"line":34,"column":17}},"loc":{"start":{"line":34,"column":50},"end":{"line":53,"column":1}},"line":34},"3":{"name":"(anonymous_3)","decl":{"start":{"line":48,"column":54},"end":{"line":48,"column":55}},"loc":{"start":{"line":48,"column":64},"end":{"line":51,"column":5}},"line":48}},"branchMap":{"0":{"loc":{"start":{"line":6,"column":4},"end":{"line":6,"column":81}},"type":"if","locations":[{"start":{"line":6,"column":4},"end":{"line":6,"column":81}},{"start":{},"end":{}}],"line":6},"1":{"loc":{"start":{"line":20,"column":4},"end":{"line":22,"column":5}},"type":"if","locations":[{"start":{"line":20,"column":4},"end":{"line":22,"column":5}},{"start":{},"end":{}}],"line":20},"2":{"loc":{"start":{"line":23,"column":4},"end":{"line":26,"column":5}},"type":"if","locations":[{"start":{"line":23,"column":4},"end":{"line":26,"column":5}},{"start":{},"end":{}}],"line":23},"3":{"loc":{"start":{"line":27,"column":4},"end":{"line":29,"column":5}},"type":"if","locations":[{"start":{"line":27,"column":4},"end":{"line":29,"column":5}},{"start":{},"end":{}}],"line":27},"4":{"loc":{"start":{"line":27,"column":8},"end":{"line":27,"column":68}},"type":"binary-expr","locations":[{"start":{"line":27,"column":9},"end":{"line":27,"column":35}},{"start":{"line":27,"column":41},"end":{"line":27,"column":67}}],"line":27},"5":{"loc":{"start":{"line":40,"column":8},"end":{"line":43,"column":9}},"type":"if","locations":[{"start":{"line":40,"column":8},"end":{"line":43,"column":9}},{"start":{},"end":{}}],"line":40},"6":{"loc":{"start":{"line":49,"column":8},"end":{"line":49,"column":57}},"type":"if","locations":[{"start":{"line":49,"column":8},"end":{"line":49,"column":57}},{"start":{},"end":{}}],"line":49},"7":{"loc":{"start":{"line":50,"column":15},"end":{"line":50,"column":41}},"type":"cond-expr","locations":[{"start":{"line":50,"column":35},"end":{"line":50,"column":36}},{"start":{"line":50,"column":39},"end":{"line":50,"column":41}}],"line":50}},"s":{"0":1,"1":2,"2":0,"3":2,"4":2,"5":2,"6":2,"7":0,"8":1,"9":4,"10":4,"11":2,"12":2,"13":1,"14":1,"15":1,"16":0,"17":1,"18":1,"19":1,"20":1,"21":1,"22":1,"23":1,"24":4,"25":4,"26":1,"27":1,"28":4,"29":1,"30":1,"31":1,"32":10,"33":1,"34":9,"35":1},"f":{"0":2,"1":4,"2":1,"3":10},"b":{"0":[0,2],"1":[2,2],"2":[1,1],"3":[0,1],"4":[1,0],"5":[1,3],"6":[1,9],"7":[4,5]},"_coverageSchema":"1a1c01bbd47fc00a2c39e90264f33305004495a9","hash":"6222ae33a0c917e021f3dcc4f444693d7c36dc8a"}
,"/Users/ulialeonova/frontend-project-46/src/output.js": {"path":"/Users/ulialeonova/frontend-project-46/src/output.js","statementMap":{"0":{"start":{"line":1,"column":15},"end":{"line":7,"column":1}},"1":{"start":{"line":2,"column":19},"end":{"line":2,"column":59}},"2":{"start":{"line":3,"column":20},"end":{"line":3,"column":46}},"3":{"start":{"line":4,"column":4},"end":{"line":4,"column":84}},"4":{"start":{"line":6,"column":4},"end":{"line":6,"column":21}}},"fnMap":{"0":{"name":"(anonymous_0)","decl":{"start":{"line":1,"column":15},"end":{"line":1,"column":16}},"loc":{"start":{"line":1,"column":33},"end":{"line":7,"column":1}},"line":1}},"branchMap":{},"s":{"0":1,"1":1,"2":1,"3":1,"4":1},"f":{"0":1},"b":{},"_coverageSchema":"1a1c01bbd47fc00a2c39e90264f33305004495a9","hash":"045df123d265cce4181cbaa9091168b1d35941ae"}
}
