TN:
SF:src/compareObj.js
FN:6,(anonymous_0)
FN:22,(anonymous_1)
FN:38,(anonymous_2)
FNF:3
FNH:3
FNDA:8,(anonymous_0)
FNDA:2,(anonymous_1)
FNDA:20,(anonymous_2)
DA:6,1
DA:7,8
DA:8,8
DA:9,4
DA:11,4
DA:12,2
DA:13,2
DA:15,2
DA:16,0
DA:18,2
DA:19,2
DA:22,1
DA:23,2
DA:24,2
DA:25,2
DA:27,2
DA:28,8
DA:29,8
DA:30,2
DA:31,2
DA:33,8
DA:35,2
DA:38,2
DA:39,20
DA:40,18
DA:42,2
DA:43,2
LF:27
LH:26
BRDA:8,0,0,4
BRDA:8,0,1,4
BRDA:11,1,0,2
BRDA:11,1,1,2
BRDA:15,2,0,0
BRDA:15,2,1,2
BRDA:15,3,0,2
BRDA:15,3,1,0
BRDA:29,4,0,2
BRDA:29,4,1,6
BRDA:39,5,0,2
BRDA:39,5,1,18
BRDA:40,6,0,8
BRDA:40,6,1,10
BRF:14
BRH:12
end_of_record
TN:
SF:src/output.js
FN:1,(anonymous_0)
FN:9,(anonymous_1)
FN:13,(anonymous_2)
FNF:3
FNH:2
FNDA:5,(anonymous_0)
FNDA:0,(anonymous_1)
FNDA:2,(anonymous_2)
DA:1,1
DA:3,5
DA:4,5
DA:6,5
DA:9,1
DA:13,2
LF:6
LH:6
BRF:0
BRH:0
end_of_record
TN:
SF:src/parsers.js
FN:6,(anonymous_0)
FNF:1
FNH:1
FNDA:7,(anonymous_0)
DA:7,7
DA:9,7
DA:10,7
DA:11,2
DA:12,2
DA:13,2
DA:15,0
DA:18,5
DA:19,5
DA:20,5
DA:22,0
LF:11
LH:9
BRDA:7,0,0,0
BRDA:7,0,1,7
BRDA:10,1,0,2
BRDA:10,1,1,5
BRF:4
BRH:3
end_of_record
