TN:
SF:src/compareObj.js
FN:5,(anonymous_0)
FN:18,(anonymous_1)
FN:34,(anonymous_2)
FN:48,(anonymous_3)
FNF:4
FNH:4
FNDA:2,(anonymous_0)
FNDA:4,(anonymous_1)
FNDA:1,(anonymous_2)
FNDA:10,(anonymous_3)
DA:5,1
DA:6,2
DA:8,2
DA:9,2
DA:10,2
DA:11,2
DA:14,0
DA:18,1
DA:19,4
DA:20,4
DA:21,2
DA:23,2
DA:24,1
DA:25,1
DA:27,1
DA:28,0
DA:30,1
DA:31,1
DA:34,1
DA:35,1
DA:36,1
DA:37,1
DA:38,1
DA:39,4
DA:40,4
DA:41,1
DA:42,1
DA:44,4
DA:46,1
DA:48,1
DA:49,10
DA:50,9
DA:52,1
LF:33
LH:31
BRDA:6,0,0,0
BRDA:6,0,1,2
BRDA:20,1,0,2
BRDA:20,1,1,2
BRDA:23,2,0,1
BRDA:23,2,1,1
BRDA:27,3,0,0
BRDA:27,3,1,1
BRDA:27,4,0,1
BRDA:27,4,1,0
BRDA:40,5,0,1
BRDA:40,5,1,3
BRDA:49,6,0,1
BRDA:49,6,1,9
BRDA:50,7,0,4
BRDA:50,7,1,5
BRF:16
BRH:13
end_of_record
TN:
SF:src/output.js
FN:1,(anonymous_0)
FNF:1
FNH:1
FNDA:1,(anonymous_0)
DA:1,1
DA:2,1
DA:3,1
DA:4,1
DA:6,1
LF:5
LH:5
BRF:0
BRH:0
end_of_record
